{"/home/julian/VSCode/project/Wine-Shop-BackEnd/app.js": {"path":"/home/julian/VSCode/project/Wine-Shop-BackEnd/app.js","statementMap":{"0":{"start":{"line":1,"column":16},"end":{"line":1,"column":34}},"1":{"start":{"line":2,"column":13},"end":{"line":2,"column":28}},"2":{"start":{"line":3,"column":19},"end":{"line":3,"column":50}},"3":{"start":{"line":5,"column":12},"end":{"line":5,"column":21}},"4":{"start":{"line":6,"column":0},"end":{"line":6,"column":16}},"5":{"start":{"line":7,"column":0},"end":{"line":7,"column":24}},"6":{"start":{"line":8,"column":0},"end":{"line":8,"column":20}},"7":{"start":{"line":10,"column":0},"end":{"line":10,"column":21}}},"fnMap":{},"branchMap":{},"s":{"0":2,"1":2,"2":2,"3":2,"4":2,"5":2,"6":2,"7":2},"f":{},"b":{},"_coverageSchema":"1a1c01bbd47fc00a2c39e90264f33305004495a9","hash":"b5e651c91ff2a1fac0c2d564ed31fefa3162d1ec"}
,"/home/julian/VSCode/project/Wine-Shop-BackEnd/controllers/user-controller.js": {"path":"/home/julian/VSCode/project/Wine-Shop-BackEnd/controllers/user-controller.js","statementMap":{"0":{"start":{"line":1,"column":18},"end":{"line":1,"column":37}},"1":{"start":{"line":2,"column":13},"end":{"line":2,"column":38}},"2":{"start":{"line":4,"column":20},"end":{"line":10,"column":1}},"3":{"start":{"line":5,"column":2},"end":{"line":5,"column":23}},"4":{"start":{"line":7,"column":2},"end":{"line":9,"column":5}},"5":{"start":{"line":12,"column":17},"end":{"line":19,"column":1}},"6":{"start":{"line":13,"column":2},"end":{"line":18,"column":3}},"7":{"start":{"line":14,"column":18},"end":{"line":14,"column":53}},"8":{"start":{"line":15,"column":4},"end":{"line":15,"column":32}},"9":{"start":{"line":17,"column":4},"end":{"line":17,"column":26}},"10":{"start":{"line":21,"column":22},"end":{"line":28,"column":1}},"11":{"start":{"line":22,"column":2},"end":{"line":27,"column":3}},"12":{"start":{"line":23,"column":17},"end":{"line":23,"column":51}},"13":{"start":{"line":24,"column":4},"end":{"line":24,"column":31}},"14":{"start":{"line":26,"column":4},"end":{"line":26,"column":26}},"15":{"start":{"line":30,"column":16},"end":{"line":38,"column":1}},"16":{"start":{"line":31,"column":2},"end":{"line":37,"column":3}},"17":{"start":{"line":32,"column":17},"end":{"line":32,"column":35}},"18":{"start":{"line":33,"column":19},"end":{"line":33,"column":36}},"19":{"start":{"line":34,"column":4},"end":{"line":34,"column":33}},"20":{"start":{"line":36,"column":4},"end":{"line":36,"column":26}},"21":{"start":{"line":40,"column":19},"end":{"line":47,"column":1}},"22":{"start":{"line":41,"column":2},"end":{"line":46,"column":3}},"23":{"start":{"line":42,"column":19},"end":{"line":42,"column":72}},"24":{"start":{"line":43,"column":4},"end":{"line":43,"column":33}},"25":{"start":{"line":45,"column":4},"end":{"line":45,"column":26}},"26":{"start":{"line":49,"column":19},"end":{"line":56,"column":1}},"27":{"start":{"line":50,"column":2},"end":{"line":55,"column":3}},"28":{"start":{"line":51,"column":17},"end":{"line":51,"column":60}},"29":{"start":{"line":52,"column":4},"end":{"line":52,"column":31}},"30":{"start":{"line":54,"column":4},"end":{"line":54,"column":26}},"31":{"start":{"line":58,"column":0},"end":{"line":58,"column":78}}},"fnMap":{"0":{"name":"(anonymous_0)","decl":{"start":{"line":4,"column":20},"end":{"line":4,"column":21}},"loc":{"start":{"line":4,"column":36},"end":{"line":10,"column":1}},"line":4},"1":{"name":"(anonymous_1)","decl":{"start":{"line":12,"column":17},"end":{"line":12,"column":18}},"loc":{"start":{"line":12,"column":37},"end":{"line":19,"column":1}},"line":12},"2":{"name":"(anonymous_2)","decl":{"start":{"line":21,"column":22},"end":{"line":21,"column":23}},"loc":{"start":{"line":21,"column":42},"end":{"line":28,"column":1}},"line":21},"3":{"name":"(anonymous_3)","decl":{"start":{"line":30,"column":16},"end":{"line":30,"column":17}},"loc":{"start":{"line":30,"column":36},"end":{"line":38,"column":1}},"line":30},"4":{"name":"(anonymous_4)","decl":{"start":{"line":40,"column":19},"end":{"line":40,"column":20}},"loc":{"start":{"line":40,"column":39},"end":{"line":47,"column":1}},"line":40},"5":{"name":"(anonymous_5)","decl":{"start":{"line":49,"column":19},"end":{"line":49,"column":20}},"loc":{"start":{"line":49,"column":39},"end":{"line":56,"column":1}},"line":49}},"branchMap":{},"s":{"0":3,"1":3,"2":3,"3":10,"4":10,"5":3,"6":4,"7":4,"8":2,"9":2,"10":3,"11":6,"12":6,"13":4,"14":2,"15":3,"16":4,"17":4,"18":4,"19":2,"20":2,"21":3,"22":6,"23":6,"24":4,"25":2,"26":3,"27":6,"28":6,"29":4,"30":2,"31":3},"f":{"0":10,"1":4,"2":6,"3":4,"4":6,"5":6},"b":{},"_coverageSchema":"1a1c01bbd47fc00a2c39e90264f33305004495a9","hash":"47b2cea31a3183086e226e73c94478ed64c78b74"}
,"/home/julian/VSCode/project/Wine-Shop-BackEnd/controllers/wine-controller.js": {"path":"/home/julian/VSCode/project/Wine-Shop-BackEnd/controllers/wine-controller.js","statementMap":{"0":{"start":{"line":1,"column":13},"end":{"line":1,"column":38}},"1":{"start":{"line":3,"column":20},"end":{"line":11,"column":1}},"2":{"start":{"line":4,"column":2},"end":{"line":4,"column":23}},"3":{"start":{"line":6,"column":2},"end":{"line":8,"column":5}},"4":{"start":{"line":13,"column":17},"end":{"line":22,"column":1}},"5":{"start":{"line":14,"column":2},"end":{"line":21,"column":3}},"6":{"start":{"line":16,"column":18},"end":{"line":16,"column":53}},"7":{"start":{"line":17,"column":4},"end":{"line":17,"column":32}},"8":{"start":{"line":19,"column":4},"end":{"line":19,"column":26}},"9":{"start":{"line":24,"column":16},"end":{"line":31,"column":1}},"10":{"start":{"line":25,"column":2},"end":{"line":30,"column":3}},"11":{"start":{"line":26,"column":17},"end":{"line":26,"column":51}},"12":{"start":{"line":27,"column":4},"end":{"line":27,"column":31}},"13":{"start":{"line":29,"column":4},"end":{"line":29,"column":26}},"14":{"start":{"line":33,"column":16},"end":{"line":42,"column":1}},"15":{"start":{"line":34,"column":2},"end":{"line":41,"column":3}},"16":{"start":{"line":35,"column":17},"end":{"line":35,"column":35}},"17":{"start":{"line":36,"column":19},"end":{"line":36,"column":36}},"18":{"start":{"line":38,"column":4},"end":{"line":38,"column":33}},"19":{"start":{"line":40,"column":4},"end":{"line":40,"column":26}},"20":{"start":{"line":44,"column":19},"end":{"line":51,"column":1}},"21":{"start":{"line":45,"column":2},"end":{"line":50,"column":3}},"22":{"start":{"line":46,"column":19},"end":{"line":46,"column":72}},"23":{"start":{"line":47,"column":4},"end":{"line":47,"column":33}},"24":{"start":{"line":49,"column":4},"end":{"line":49,"column":26}},"25":{"start":{"line":53,"column":19},"end":{"line":60,"column":1}},"26":{"start":{"line":54,"column":2},"end":{"line":59,"column":3}},"27":{"start":{"line":55,"column":17},"end":{"line":55,"column":60}},"28":{"start":{"line":56,"column":4},"end":{"line":56,"column":31}},"29":{"start":{"line":58,"column":4},"end":{"line":58,"column":26}},"30":{"start":{"line":62,"column":0},"end":{"line":62,"column":72}}},"fnMap":{"0":{"name":"(anonymous_0)","decl":{"start":{"line":3,"column":20},"end":{"line":3,"column":21}},"loc":{"start":{"line":3,"column":36},"end":{"line":11,"column":1}},"line":3},"1":{"name":"(anonymous_1)","decl":{"start":{"line":13,"column":17},"end":{"line":13,"column":18}},"loc":{"start":{"line":13,"column":37},"end":{"line":22,"column":1}},"line":13},"2":{"name":"(anonymous_2)","decl":{"start":{"line":24,"column":16},"end":{"line":24,"column":17}},"loc":{"start":{"line":24,"column":36},"end":{"line":31,"column":1}},"line":24},"3":{"name":"(anonymous_3)","decl":{"start":{"line":33,"column":16},"end":{"line":33,"column":17}},"loc":{"start":{"line":33,"column":36},"end":{"line":42,"column":1}},"line":33},"4":{"name":"(anonymous_4)","decl":{"start":{"line":44,"column":19},"end":{"line":44,"column":20}},"loc":{"start":{"line":44,"column":39},"end":{"line":51,"column":1}},"line":44},"5":{"name":"(anonymous_5)","decl":{"start":{"line":53,"column":19},"end":{"line":53,"column":20}},"loc":{"start":{"line":53,"column":39},"end":{"line":60,"column":1}},"line":53}},"branchMap":{},"s":{"0":3,"1":3,"2":6,"3":6,"4":3,"5":4,"6":4,"7":3,"8":1,"9":3,"10":5,"11":5,"12":4,"13":1,"14":3,"15":5,"16":5,"17":5,"18":3,"19":2,"20":3,"21":5,"22":5,"23":4,"24":1,"25":3,"26":5,"27":5,"28":4,"29":1,"30":3},"f":{"0":6,"1":4,"2":5,"3":5,"4":5,"5":5},"b":{},"_coverageSchema":"1a1c01bbd47fc00a2c39e90264f33305004495a9","hash":"2a81646e5017a5aba453d24b85ea8ddc1699867a"}
,"/home/julian/VSCode/project/Wine-Shop-BackEnd/models/user.js": {"path":"/home/julian/VSCode/project/Wine-Shop-BackEnd/models/user.js","statementMap":{"0":{"start":{"line":1,"column":17},"end":{"line":1,"column":36}},"1":{"start":{"line":2,"column":15},"end":{"line":2,"column":30}},"2":{"start":{"line":4,"column":19},"end":{"line":18,"column":2}},"3":{"start":{"line":20,"column":13},"end":{"line":20,"column":47}},"4":{"start":{"line":22,"column":0},"end":{"line":22,"column":22}}},"fnMap":{},"branchMap":{},"s":{"0":3,"1":3,"2":3,"3":3,"4":3},"f":{},"b":{},"_coverageSchema":"1a1c01bbd47fc00a2c39e90264f33305004495a9","hash":"45d2790c5b3a475e4ec9a00617860ae0d5a7eec7"}
,"/home/julian/VSCode/project/Wine-Shop-BackEnd/models/wine.js": {"path":"/home/julian/VSCode/project/Wine-Shop-BackEnd/models/wine.js","statementMap":{"0":{"start":{"line":1,"column":17},"end":{"line":1,"column":36}},"1":{"start":{"line":2,"column":15},"end":{"line":2,"column":30}},"2":{"start":{"line":4,"column":19},"end":{"line":60,"column":2}},"3":{"start":{"line":62,"column":13},"end":{"line":62,"column":47}},"4":{"start":{"line":69,"column":0},"end":{"line":69,"column":22}}},"fnMap":{},"branchMap":{},"s":{"0":3,"1":3,"2":3,"3":3,"4":3},"f":{},"b":{},"_coverageSchema":"1a1c01bbd47fc00a2c39e90264f33305004495a9","hash":"8f4862c7f8f14329c9aa2d62e0f29b1b76797a2a"}
,"/home/julian/VSCode/project/Wine-Shop-BackEnd/routes/wine-routes.js": {"path":"/home/julian/VSCode/project/Wine-Shop-BackEnd/routes/wine-routes.js","statementMap":{"0":{"start":{"line":1,"column":16},"end":{"line":1,"column":34}},"1":{"start":{"line":3,"column":15},"end":{"line":3,"column":31}},"2":{"start":{"line":11,"column":4},"end":{"line":11,"column":45}},"3":{"start":{"line":19,"column":4},"end":{"line":19,"column":45}},"4":{"start":{"line":21,"column":0},"end":{"line":27,"column":3}},"5":{"start":{"line":22,"column":2},"end":{"line":22,"column":21}},"6":{"start":{"line":24,"column":2},"end":{"line":26,"column":5}},"7":{"start":{"line":29,"column":0},"end":{"line":29,"column":31}},"8":{"start":{"line":31,"column":0},"end":{"line":31,"column":34}},"9":{"start":{"line":32,"column":0},"end":{"line":32,"column":40}},"10":{"start":{"line":33,"column":0},"end":{"line":33,"column":31}},"11":{"start":{"line":34,"column":0},"end":{"line":34,"column":39}},"12":{"start":{"line":36,"column":0},"end":{"line":36,"column":31}},"13":{"start":{"line":37,"column":0},"end":{"line":37,"column":40}},"14":{"start":{"line":38,"column":0},"end":{"line":38,"column":31}},"15":{"start":{"line":39,"column":0},"end":{"line":39,"column":39}},"16":{"start":{"line":40,"column":0},"end":{"line":40,"column":40}},"17":{"start":{"line":42,"column":0},"end":{"line":42,"column":24}}},"fnMap":{"0":{"name":"(anonymous_0)","decl":{"start":{"line":21,"column":16},"end":{"line":21,"column":17}},"loc":{"start":{"line":21,"column":30},"end":{"line":27,"column":1}},"line":21}},"branchMap":{},"s":{"0":2,"1":2,"2":2,"3":2,"4":2,"5":0,"6":0,"7":2,"8":2,"9":2,"10":2,"11":2,"12":2,"13":2,"14":2,"15":2,"16":2,"17":2},"f":{"0":0},"b":{},"_coverageSchema":"1a1c01bbd47fc00a2c39e90264f33305004495a9","hash":"8ccd8a9dfc2f6bdc30b4b6e23a17194b8f50bca2"}
}
