TN:
SF:app.js
FNF:0
FNH:0
DA:1,2
DA:2,2
DA:3,2
DA:5,2
DA:6,2
DA:7,2
DA:8,2
DA:10,2
LF:8
LH:8
BRF:0
BRH:0
end_of_record
TN:
SF:controllers/user-controller.js
FN:4,(anonymous_0)
FN:12,(anonymous_1)
FN:21,(anonymous_2)
FN:30,(anonymous_3)
FN:40,(anonymous_4)
FN:49,(anonymous_5)
FNF:6
FNH:6
FNDA:10,(anonymous_0)
FNDA:4,(anonymous_1)
FNDA:6,(anonymous_2)
FNDA:4,(anonymous_3)
FNDA:6,(anonymous_4)
FNDA:6,(anonymous_5)
DA:1,3
DA:2,3
DA:4,3
DA:5,10
DA:7,10
DA:12,3
DA:13,4
DA:14,4
DA:15,2
DA:17,2
DA:21,3
DA:22,6
DA:23,6
DA:24,4
DA:26,2
DA:30,3
DA:31,4
DA:32,4
DA:33,4
DA:34,2
DA:36,2
DA:40,3
DA:41,6
DA:42,6
DA:43,4
DA:45,2
DA:49,3
DA:50,6
DA:51,6
DA:52,4
DA:54,2
DA:58,3
LF:32
LH:32
BRF:0
BRH:0
end_of_record
TN:
SF:controllers/wine-controller.js
FN:3,(anonymous_0)
FN:13,(anonymous_1)
FN:24,(anonymous_2)
FN:33,(anonymous_3)
FN:44,(anonymous_4)
FN:53,(anonymous_5)
FNF:6
FNH:6
FNDA:6,(anonymous_0)
FNDA:4,(anonymous_1)
FNDA:5,(anonymous_2)
FNDA:5,(anonymous_3)
FNDA:5,(anonymous_4)
FNDA:5,(anonymous_5)
DA:1,3
DA:3,3
DA:4,6
DA:6,6
DA:13,3
DA:14,4
DA:16,4
DA:17,3
DA:19,1
DA:24,3
DA:25,5
DA:26,5
DA:27,4
DA:29,1
DA:33,3
DA:34,5
DA:35,5
DA:36,5
DA:38,3
DA:40,2
DA:44,3
DA:45,5
DA:46,5
DA:47,4
DA:49,1
DA:53,3
DA:54,5
DA:55,5
DA:56,4
DA:58,1
DA:62,3
LF:31
LH:31
BRF:0
BRH:0
end_of_record
TN:
SF:models/user.js
FNF:0
FNH:0
DA:1,3
DA:2,3
DA:4,3
DA:20,3
DA:22,3
LF:5
LH:5
BRF:0
BRH:0
end_of_record
TN:
SF:models/wine.js
FNF:0
FNH:0
DA:1,3
DA:2,3
DA:4,3
DA:62,3
DA:69,3
LF:5
LH:5
BRF:0
BRH:0
end_of_record
TN:
SF:routes/wine-routes.js
FN:21,(anonymous_0)
FNF:1
FNH:0
FNDA:0,(anonymous_0)
DA:1,2
DA:3,2
DA:11,2
DA:19,2
DA:21,2
DA:22,0
DA:24,0
DA:29,2
DA:31,2
DA:32,2
DA:33,2
DA:34,2
DA:36,2
DA:37,2
DA:38,2
DA:39,2
DA:40,2
DA:42,2
LF:18
LH:16
BRF:0
BRH:0
end_of_record
